<ns0:test-suite xmlns:ns0="urn:model.allure.qatools.yandex.ru" start="1533911951368" stop="1533912025180">
  <name>shaohua</name>
  <labels/>
  <test-cases>
    <test-case start="1533911951368" status="failed" stop="1533912025180">
      <name>test01.test001</name>
      <failure>
        <message>TimeoutException: Message: 
Stacktrace:
    at FirefoxDriver.prototype.findElementInternal_ (file:///C:/Users/ADMINI~1/AppData/Local/Temp/tmpzt0zng5y/extensions/fxdriver@googlecode.com/components/driver-component.js:10659)
    at fxdriver.Timer.prototype.setTimeout/&lt;.notify (file:///C:/Users/ADMINI~1/AppData/Local/Temp/tmpzt0zng5y/extensions/fxdriver@googlecode.com/components/driver-component.js:621)</message>
        <stack-trace>self = &lt;shaohua.test01 testMethod=test001&gt;

    def test001(self):
        driver = self.driver
        driver.implicitly_wait(30)
        # 点击导航栏
        driver.find_element_by_css_selector(".icon.iconfont.icon-Expand").click()
        # 点击病例预警主菜单
        driver.find_element_by_xpath(".//*[@id='lteNav']/li[2]/p/p/span").click()
        # 点击病例预警子菜单
        driver.find_element_by_xpath(".//*[@id='ltewrap']/div[2]/div/ul/li[1]/a").click()
        driver.find_element_by_xpath(".//*[@id='maincontent']/div/div[2]/div/div[2]/div[1]/div/div[2]/div/div/div[1]/div/div[1]/div/div/div/div/div/div/div[2]/table/tbody/tr[3]/td[3]/div").click()
        try:
            sleep(2)
            text1 = driver.find_element_by_xpath(".//*[@id='maincontent']/div/div[2]/div/div[2]/div[1]/div/div[2]/div/div/div[3]/div[1]/div/div/div/div/div/div/div[2]/table/tbody/tr[1]/td[4]/div/a").text
            sleep(1)
            print("提示的信息为：", text1)
            driver.find_element_by_xpath(".//*[@id='maincontent']/div/div[2]/div/div[2]/div[1]/div/div[2]/div/div/div[3]/div[1]/div/div/div/div/div/div/div[2]/table/tbody/tr[1]/td[3]/div/div/div/div/div").click()
            # 选择院内
            sleep(2)
            driver.find_element_by_xpath("/html/body/div[2]/div/div/div/ul/li[2]").click()
            # 点击确定
            sleep(2)
            driver.find_element_by_xpath("html/body/div[3]/div/div[2]/div/div[1]/div[3]/button[2]").click()
            # driver.find_element_by_xpath("/html/body/div[3]/div/div[2]/div/div[1]/div[2]/div[1]/div/button[1]").click()
            sleep(3)
            driver.switch_to.window(driver.window_handles[1])
            sleep(5)
            text2 = driver.find_element_by_xpath("/html/body/div[1]/div/div[3]/div/div/div/div/div[1]/div[2]/div[1]/div[4]/a").text
            print("提示的信息为：", text2)
            sleep(2)
            # 断言
            self.assertEqual(text1, text2)
    
        except AssertionError:
            print("获取的sys.exc_info()信息为:", sys.exc_info()[1])
            nowtime = time.strftime("%Y_%m_%d %H_%M_%S")
            print("时间格式为：", nowtime)
            driver.get_screenshot_as_file("../Image/%s-%s.jpg" % (nowtime, "test_105"))
            # 抛异常
            # raise
        # 点击保存
        try:
            driver.find_element_by_xpath("/html/body/div[1]/div/div[3]/div/div/div/div/div[11]/div[1]/button").click()
            sleep(3)
            # text3 = driver.find_element_by_css_selector(".ant-message-notice-content").text
&gt;           element=WebDriverWait(driver,5,0.1).until(lambda x:x.find_element_by_css_selector(".ant-message-notice-content span"))

shaohua.py:71: 
_ _ _ _ _ _ _ _ _ _ _ _ _ _ _ _ _ _ _ _ _ _ _ _ _ _ _ _ _ _ _ _ _ _ _ _ _ _ _ _

self = &lt;selenium.webdriver.support.wait.WebDriverWait (session="64d6105a-f502-485c-bac2-4b723a159a73")&gt;
method = &lt;function test01.test001.&lt;locals&gt;.&lt;lambda&gt; at 0x000000000347C400&gt;
message = ''

    def until(self, method, message=''):
        """Calls the method provided with the driver as an argument until the \
            return value is not False."""
        screen = None
        stacktrace = None
    
        end_time = time.time() + self._timeout
        while True:
            try:
                value = method(self._driver)
                if value:
                    return value
            except self._ignored_exceptions as exc:
                screen = getattr(exc, 'screen', None)
                stacktrace = getattr(exc, 'stacktrace', None)
            time.sleep(self._poll)
            if time.time() &gt; end_time:
                break
&gt;       raise TimeoutException(message, screen, stacktrace)
E       selenium.common.exceptions.TimeoutException: Message: 
E       Stacktrace:
E           at FirefoxDriver.prototype.findElementInternal_ (file:///C:/Users/ADMINI~1/AppData/Local/Temp/tmpzt0zng5y/extensions/fxdriver@googlecode.com/components/driver-component.js:10659)
E           at fxdriver.Timer.prototype.setTimeout/&lt;.notify (file:///C:/Users/ADMINI~1/AppData/Local/Temp/tmpzt0zng5y/extensions/fxdriver@googlecode.com/components/driver-component.js:621)

C:\python3.6.3\lib\site-packages\selenium\webdriver\support\wait.py:80: TimeoutException</stack-trace>
      </failure>
      <attachments/>
      <labels>
        <label name="severity" value="normal"/>
        <label name="thread" value="1404-MainThread"/>
        <label name="host" value="2XMQY7MAJVGU2PB"/>
        <label name="framework" value="pytest"/>
        <label name="language" value="cpython3"/>
      </labels>
      <steps/>
    </test-case>
  </test-cases>
</ns0:test-suite>
